Compiling the C compiler identification source file "CMakeCCompilerId.c" failed.
Compiler:  
Build flags: 
Id flags:  

The output was:
1
Microsoft (R) Build Engine version 14.0.25420.1
Copyright (C) Microsoft Corporation. All rights reserved.

Build started 11/6/2017 10:51:17 PM.
The target "CopyLocalFilesOutputGroup" listed in a BeforeTargets attribute at "c:\vcpkg\scripts\buildsystems\msbuild\vcpkg.targets (65,82)" does not exist in the project, and will be ignored.
Project "D:\Google Drive\Schoolwork Udacity\UD013\CarND-EKF-Project\products\cmake.msbuild.windows.x86.v140\CMakeFiles\3.10.0-rc4\CompilerIdC\CompilerIdC.vcxproj" on node 1 (default targets).
PrepareForBuild:
  Creating directory "Debug\".
  Creating directory "Debug\CompilerIdC.tlog\".
InitializeBuildStatus:
  Creating "Debug\CompilerIdC.tlog\unsuccessfulbuild" because "AlwaysCreate" was specified.
VcpkgTripletSelection:
  Using triplet "x86-windows" from "c:\vcpkg\installed\x86-windows\"
ClCompile:
  CL.exe /c /I"c:\vcpkg\installed\x86-windows\include" /nologo /W0 /WX- /Od /Oy- /D _MBCS /Gm- /EHsc /RTC1 /MDd /GS /fp:precise /Zc:wchar_t /Zc:forScope /Zc:inline /Fo"Debug\\" /Fd"Debug\vc140.pdb" /Gd /TC /analyze- /errorReport:queue CMakeCCompilerId.c
TRACKER : error TRK0005: Failed to locate: "CL.exe". The system cannot find the file specified. [D:\Google Drive\Schoolwork Udacity\UD013\CarND-EKF-Project\products\cmake.msbuild.windows.x86.v140\CMakeFiles\3.10.0-rc4\CompilerIdC\CompilerIdC.vcxproj]
  
  
Done Building Project "D:\Google Drive\Schoolwork Udacity\UD013\CarND-EKF-Project\products\cmake.msbuild.windows.x86.v140\CMakeFiles\3.10.0-rc4\CompilerIdC\CompilerIdC.vcxproj" (default targets) -- FAILED.

Build FAILED.

"D:\Google Drive\Schoolwork Udacity\UD013\CarND-EKF-Project\products\cmake.msbuild.windows.x86.v140\CMakeFiles\3.10.0-rc4\CompilerIdC\CompilerIdC.vcxproj" (default target) (1) ->
(ClCompile target) -> 
  TRACKER : error TRK0005: Failed to locate: "CL.exe". The system cannot find the file specified. [D:\Google Drive\Schoolwork Udacity\UD013\CarND-EKF-Project\products\cmake.msbuild.windows.x86.v140\CMakeFiles\3.10.0-rc4\CompilerIdC\CompilerIdC.vcxproj]

    0 Warning(s)
    1 Error(s)

Time Elapsed 00:00:00.36


Compiling the C compiler identification source file "CMakeCCompilerId.c" failed.
Compiler:  
Build flags: 
Id flags:  

The output was:
1
Microsoft (R) Build Engine version 14.0.25420.1
Copyright (C) Microsoft Corporation. All rights reserved.

Build started 11/6/2017 10:51:17 PM.
The target "CopyLocalFilesOutputGroup" listed in a BeforeTargets attribute at "c:\vcpkg\scripts\buildsystems\msbuild\vcpkg.targets (65,82)" does not exist in the project, and will be ignored.
Project "D:\Google Drive\Schoolwork Udacity\UD013\CarND-EKF-Project\products\cmake.msbuild.windows.x86.v140\CMakeFiles\3.10.0-rc4\CompilerIdC\CompilerIdC.vcxproj" on node 1 (default targets).
PrepareForBuild:
  Creating directory "Debug\".
  Creating directory "Debug\CompilerIdC.tlog\".
InitializeBuildStatus:
  Creating "Debug\CompilerIdC.tlog\unsuccessfulbuild" because "AlwaysCreate" was specified.
VcpkgTripletSelection:
  Using triplet "x86-windows" from "c:\vcpkg\installed\x86-windows\"
ClCompile:
  CL.exe /c /I"c:\vcpkg\installed\x86-windows\include" /nologo /W0 /WX- /Od /Oy- /D _MBCS /Gm- /EHsc /RTC1 /MDd /GS /fp:precise /Zc:wchar_t /Zc:forScope /Zc:inline /Fo"Debug\\" /Fd"Debug\vc140.pdb" /Gd /TC /analyze- /errorReport:queue CMakeCCompilerId.c
TRACKER : error TRK0005: Failed to locate: "CL.exe". The system cannot find the file specified. [D:\Google Drive\Schoolwork Udacity\UD013\CarND-EKF-Project\products\cmake.msbuild.windows.x86.v140\CMakeFiles\3.10.0-rc4\CompilerIdC\CompilerIdC.vcxproj]
  
  
Done Building Project "D:\Google Drive\Schoolwork Udacity\UD013\CarND-EKF-Project\products\cmake.msbuild.windows.x86.v140\CMakeFiles\3.10.0-rc4\CompilerIdC\CompilerIdC.vcxproj" (default targets) -- FAILED.

Build FAILED.

"D:\Google Drive\Schoolwork Udacity\UD013\CarND-EKF-Project\products\cmake.msbuild.windows.x86.v140\CMakeFiles\3.10.0-rc4\CompilerIdC\CompilerIdC.vcxproj" (default target) (1) ->
(ClCompile target) -> 
  TRACKER : error TRK0005: Failed to locate: "CL.exe". The system cannot find the file specified. [D:\Google Drive\Schoolwork Udacity\UD013\CarND-EKF-Project\products\cmake.msbuild.windows.x86.v140\CMakeFiles\3.10.0-rc4\CompilerIdC\CompilerIdC.vcxproj]

    0 Warning(s)
    1 Error(s)

Time Elapsed 00:00:00.30


Compiling the CXX compiler identification source file "CMakeCXXCompilerId.cpp" failed.
Compiler:  
Build flags: 
Id flags:  

The output was:
1
Microsoft (R) Build Engine version 14.0.25420.1
Copyright (C) Microsoft Corporation. All rights reserved.

Build started 11/6/2017 10:51:18 PM.
The target "CopyLocalFilesOutputGroup" listed in a BeforeTargets attribute at "c:\vcpkg\scripts\buildsystems\msbuild\vcpkg.targets (65,82)" does not exist in the project, and will be ignored.
Project "D:\Google Drive\Schoolwork Udacity\UD013\CarND-EKF-Project\products\cmake.msbuild.windows.x86.v140\CMakeFiles\3.10.0-rc4\CompilerIdCXX\CompilerIdCXX.vcxproj" on node 1 (default targets).
PrepareForBuild:
  Creating directory "Debug\".
  Creating directory "Debug\CompilerIdCXX.tlog\".
InitializeBuildStatus:
  Creating "Debug\CompilerIdCXX.tlog\unsuccessfulbuild" because "AlwaysCreate" was specified.
VcpkgTripletSelection:
  Using triplet "x86-windows" from "c:\vcpkg\installed\x86-windows\"
ClCompile:
  CL.exe /c /I"c:\vcpkg\installed\x86-windows\include" /nologo /W0 /WX- /Od /Oy- /D _MBCS /Gm- /EHsc /RTC1 /MDd /GS /fp:precise /Zc:wchar_t /Zc:forScope /Zc:inline /Fo"Debug\\" /Fd"Debug\vc140.pdb" /Gd /TP /analyze- /errorReport:queue CMakeCXXCompilerId.cpp
TRACKER : error TRK0005: Failed to locate: "CL.exe". The system cannot find the file specified. [D:\Google Drive\Schoolwork Udacity\UD013\CarND-EKF-Project\products\cmake.msbuild.windows.x86.v140\CMakeFiles\3.10.0-rc4\CompilerIdCXX\CompilerIdCXX.vcxproj]
  
  
Done Building Project "D:\Google Drive\Schoolwork Udacity\UD013\CarND-EKF-Project\products\cmake.msbuild.windows.x86.v140\CMakeFiles\3.10.0-rc4\CompilerIdCXX\CompilerIdCXX.vcxproj" (default targets) -- FAILED.

Build FAILED.

"D:\Google Drive\Schoolwork Udacity\UD013\CarND-EKF-Project\products\cmake.msbuild.windows.x86.v140\CMakeFiles\3.10.0-rc4\CompilerIdCXX\CompilerIdCXX.vcxproj" (default target) (1) ->
(ClCompile target) -> 
  TRACKER : error TRK0005: Failed to locate: "CL.exe". The system cannot find the file specified. [D:\Google Drive\Schoolwork Udacity\UD013\CarND-EKF-Project\products\cmake.msbuild.windows.x86.v140\CMakeFiles\3.10.0-rc4\CompilerIdCXX\CompilerIdCXX.vcxproj]

    0 Warning(s)
    1 Error(s)

Time Elapsed 00:00:00.33


Compiling the CXX compiler identification source file "CMakeCXXCompilerId.cpp" failed.
Compiler:  
Build flags: 
Id flags:  

The output was:
1
Microsoft (R) Build Engine version 14.0.25420.1
Copyright (C) Microsoft Corporation. All rights reserved.

Build started 11/6/2017 10:51:18 PM.
The target "CopyLocalFilesOutputGroup" listed in a BeforeTargets attribute at "c:\vcpkg\scripts\buildsystems\msbuild\vcpkg.targets (65,82)" does not exist in the project, and will be ignored.
Project "D:\Google Drive\Schoolwork Udacity\UD013\CarND-EKF-Project\products\cmake.msbuild.windows.x86.v140\CMakeFiles\3.10.0-rc4\CompilerIdCXX\CompilerIdCXX.vcxproj" on node 1 (default targets).
PrepareForBuild:
  Creating directory "Debug\".
  Creating directory "Debug\CompilerIdCXX.tlog\".
InitializeBuildStatus:
  Creating "Debug\CompilerIdCXX.tlog\unsuccessfulbuild" because "AlwaysCreate" was specified.
VcpkgTripletSelection:
  Using triplet "x86-windows" from "c:\vcpkg\installed\x86-windows\"
ClCompile:
  CL.exe /c /I"c:\vcpkg\installed\x86-windows\include" /nologo /W0 /WX- /Od /Oy- /D _MBCS /Gm- /EHsc /RTC1 /MDd /GS /fp:precise /Zc:wchar_t /Zc:forScope /Zc:inline /Fo"Debug\\" /Fd"Debug\vc140.pdb" /Gd /TP /analyze- /errorReport:queue CMakeCXXCompilerId.cpp
TRACKER : error TRK0005: Failed to locate: "CL.exe". The system cannot find the file specified. [D:\Google Drive\Schoolwork Udacity\UD013\CarND-EKF-Project\products\cmake.msbuild.windows.x86.v140\CMakeFiles\3.10.0-rc4\CompilerIdCXX\CompilerIdCXX.vcxproj]
  
  
Done Building Project "D:\Google Drive\Schoolwork Udacity\UD013\CarND-EKF-Project\products\cmake.msbuild.windows.x86.v140\CMakeFiles\3.10.0-rc4\CompilerIdCXX\CompilerIdCXX.vcxproj" (default targets) -- FAILED.

Build FAILED.

"D:\Google Drive\Schoolwork Udacity\UD013\CarND-EKF-Project\products\cmake.msbuild.windows.x86.v140\CMakeFiles\3.10.0-rc4\CompilerIdCXX\CompilerIdCXX.vcxproj" (default target) (1) ->
(ClCompile target) -> 
  TRACKER : error TRK0005: Failed to locate: "CL.exe". The system cannot find the file specified. [D:\Google Drive\Schoolwork Udacity\UD013\CarND-EKF-Project\products\cmake.msbuild.windows.x86.v140\CMakeFiles\3.10.0-rc4\CompilerIdCXX\CompilerIdCXX.vcxproj]

    0 Warning(s)
    1 Error(s)

Time Elapsed 00:00:00.34


Compiling the C compiler identification source file "CMakeCCompilerId.c" failed.
Compiler:  
Build flags: 
Id flags:  

The output was:
1
Microsoft (R) Build Engine version 14.0.25420.1
Copyright (C) Microsoft Corporation. All rights reserved.

Build started 11/6/2017 10:52:17 PM.
The target "CopyLocalFilesOutputGroup" listed in a BeforeTargets attribute at "c:\vcpkg\scripts\buildsystems\msbuild\vcpkg.targets (65,82)" does not exist in the project, and will be ignored.
Project "D:\Google Drive\Schoolwork Udacity\UD013\CarND-EKF-Project\products\cmake.msbuild.windows.x86.v140\CMakeFiles\3.10.0-rc4\CompilerIdC\CompilerIdC.vcxproj" on node 1 (default targets).
PrepareForBuild:
  Creating directory "Debug\".
  Creating directory "Debug\CompilerIdC.tlog\".
InitializeBuildStatus:
  Creating "Debug\CompilerIdC.tlog\unsuccessfulbuild" because "AlwaysCreate" was specified.
VcpkgTripletSelection:
  Using triplet "x86-windows" from "c:\vcpkg\installed\x86-windows\"
ClCompile:
  CL.exe /c /I"c:\vcpkg\installed\x86-windows\include" /nologo /W0 /WX- /Od /Oy- /D _MBCS /Gm- /EHsc /RTC1 /MDd /GS /fp:precise /Zc:wchar_t /Zc:forScope /Zc:inline /Fo"Debug\\" /Fd"Debug\vc140.pdb" /Gd /TC /analyze- /errorReport:queue CMakeCCompilerId.c
TRACKER : error TRK0005: Failed to locate: "CL.exe". The system cannot find the file specified. [D:\Google Drive\Schoolwork Udacity\UD013\CarND-EKF-Project\products\cmake.msbuild.windows.x86.v140\CMakeFiles\3.10.0-rc4\CompilerIdC\CompilerIdC.vcxproj]
  
  
Done Building Project "D:\Google Drive\Schoolwork Udacity\UD013\CarND-EKF-Project\products\cmake.msbuild.windows.x86.v140\CMakeFiles\3.10.0-rc4\CompilerIdC\CompilerIdC.vcxproj" (default targets) -- FAILED.

Build FAILED.

"D:\Google Drive\Schoolwork Udacity\UD013\CarND-EKF-Project\products\cmake.msbuild.windows.x86.v140\CMakeFiles\3.10.0-rc4\CompilerIdC\CompilerIdC.vcxproj" (default target) (1) ->
(ClCompile target) -> 
  TRACKER : error TRK0005: Failed to locate: "CL.exe". The system cannot find the file specified. [D:\Google Drive\Schoolwork Udacity\UD013\CarND-EKF-Project\products\cmake.msbuild.windows.x86.v140\CMakeFiles\3.10.0-rc4\CompilerIdC\CompilerIdC.vcxproj]

    0 Warning(s)
    1 Error(s)

Time Elapsed 00:00:00.34


Compiling the C compiler identification source file "CMakeCCompilerId.c" failed.
Compiler:  
Build flags: 
Id flags:  

The output was:
1
Microsoft (R) Build Engine version 14.0.25420.1
Copyright (C) Microsoft Corporation. All rights reserved.

Build started 11/6/2017 10:52:18 PM.
The target "CopyLocalFilesOutputGroup" listed in a BeforeTargets attribute at "c:\vcpkg\scripts\buildsystems\msbuild\vcpkg.targets (65,82)" does not exist in the project, and will be ignored.
Project "D:\Google Drive\Schoolwork Udacity\UD013\CarND-EKF-Project\products\cmake.msbuild.windows.x86.v140\CMakeFiles\3.10.0-rc4\CompilerIdC\CompilerIdC.vcxproj" on node 1 (default targets).
PrepareForBuild:
  Creating directory "Debug\".
  Creating directory "Debug\CompilerIdC.tlog\".
InitializeBuildStatus:
  Creating "Debug\CompilerIdC.tlog\unsuccessfulbuild" because "AlwaysCreate" was specified.
VcpkgTripletSelection:
  Using triplet "x86-windows" from "c:\vcpkg\installed\x86-windows\"
ClCompile:
  CL.exe /c /I"c:\vcpkg\installed\x86-windows\include" /nologo /W0 /WX- /Od /Oy- /D _MBCS /Gm- /EHsc /RTC1 /MDd /GS /fp:precise /Zc:wchar_t /Zc:forScope /Zc:inline /Fo"Debug\\" /Fd"Debug\vc140.pdb" /Gd /TC /analyze- /errorReport:queue CMakeCCompilerId.c
TRACKER : error TRK0005: Failed to locate: "CL.exe". The system cannot find the file specified. [D:\Google Drive\Schoolwork Udacity\UD013\CarND-EKF-Project\products\cmake.msbuild.windows.x86.v140\CMakeFiles\3.10.0-rc4\CompilerIdC\CompilerIdC.vcxproj]
  
  
Done Building Project "D:\Google Drive\Schoolwork Udacity\UD013\CarND-EKF-Project\products\cmake.msbuild.windows.x86.v140\CMakeFiles\3.10.0-rc4\CompilerIdC\CompilerIdC.vcxproj" (default targets) -- FAILED.

Build FAILED.

"D:\Google Drive\Schoolwork Udacity\UD013\CarND-EKF-Project\products\cmake.msbuild.windows.x86.v140\CMakeFiles\3.10.0-rc4\CompilerIdC\CompilerIdC.vcxproj" (default target) (1) ->
(ClCompile target) -> 
  TRACKER : error TRK0005: Failed to locate: "CL.exe". The system cannot find the file specified. [D:\Google Drive\Schoolwork Udacity\UD013\CarND-EKF-Project\products\cmake.msbuild.windows.x86.v140\CMakeFiles\3.10.0-rc4\CompilerIdC\CompilerIdC.vcxproj]

    0 Warning(s)
    1 Error(s)

Time Elapsed 00:00:00.30


Compiling the CXX compiler identification source file "CMakeCXXCompilerId.cpp" failed.
Compiler:  
Build flags: 
Id flags:  

The output was:
1
Microsoft (R) Build Engine version 14.0.25420.1
Copyright (C) Microsoft Corporation. All rights reserved.

Build started 11/6/2017 10:52:18 PM.
The target "CopyLocalFilesOutputGroup" listed in a BeforeTargets attribute at "c:\vcpkg\scripts\buildsystems\msbuild\vcpkg.targets (65,82)" does not exist in the project, and will be ignored.
Project "D:\Google Drive\Schoolwork Udacity\UD013\CarND-EKF-Project\products\cmake.msbuild.windows.x86.v140\CMakeFiles\3.10.0-rc4\CompilerIdCXX\CompilerIdCXX.vcxproj" on node 1 (default targets).
PrepareForBuild:
  Creating directory "Debug\".
  Creating directory "Debug\CompilerIdCXX.tlog\".
InitializeBuildStatus:
  Creating "Debug\CompilerIdCXX.tlog\unsuccessfulbuild" because "AlwaysCreate" was specified.
VcpkgTripletSelection:
  Using triplet "x86-windows" from "c:\vcpkg\installed\x86-windows\"
ClCompile:
  CL.exe /c /I"c:\vcpkg\installed\x86-windows\include" /nologo /W0 /WX- /Od /Oy- /D _MBCS /Gm- /EHsc /RTC1 /MDd /GS /fp:precise /Zc:wchar_t /Zc:forScope /Zc:inline /Fo"Debug\\" /Fd"Debug\vc140.pdb" /Gd /TP /analyze- /errorReport:queue CMakeCXXCompilerId.cpp
TRACKER : error TRK0005: Failed to locate: "CL.exe". The system cannot find the file specified. [D:\Google Drive\Schoolwork Udacity\UD013\CarND-EKF-Project\products\cmake.msbuild.windows.x86.v140\CMakeFiles\3.10.0-rc4\CompilerIdCXX\CompilerIdCXX.vcxproj]
  
  
Done Building Project "D:\Google Drive\Schoolwork Udacity\UD013\CarND-EKF-Project\products\cmake.msbuild.windows.x86.v140\CMakeFiles\3.10.0-rc4\CompilerIdCXX\CompilerIdCXX.vcxproj" (default targets) -- FAILED.

Build FAILED.

"D:\Google Drive\Schoolwork Udacity\UD013\CarND-EKF-Project\products\cmake.msbuild.windows.x86.v140\CMakeFiles\3.10.0-rc4\CompilerIdCXX\CompilerIdCXX.vcxproj" (default target) (1) ->
(ClCompile target) -> 
  TRACKER : error TRK0005: Failed to locate: "CL.exe". The system cannot find the file specified. [D:\Google Drive\Schoolwork Udacity\UD013\CarND-EKF-Project\products\cmake.msbuild.windows.x86.v140\CMakeFiles\3.10.0-rc4\CompilerIdCXX\CompilerIdCXX.vcxproj]

    0 Warning(s)
    1 Error(s)

Time Elapsed 00:00:00.32


Compiling the CXX compiler identification source file "CMakeCXXCompilerId.cpp" failed.
Compiler:  
Build flags: 
Id flags:  

The output was:
1
Microsoft (R) Build Engine version 14.0.25420.1
Copyright (C) Microsoft Corporation. All rights reserved.

Build started 11/6/2017 10:52:18 PM.
The target "CopyLocalFilesOutputGroup" listed in a BeforeTargets attribute at "c:\vcpkg\scripts\buildsystems\msbuild\vcpkg.targets (65,82)" does not exist in the project, and will be ignored.
Project "D:\Google Drive\Schoolwork Udacity\UD013\CarND-EKF-Project\products\cmake.msbuild.windows.x86.v140\CMakeFiles\3.10.0-rc4\CompilerIdCXX\CompilerIdCXX.vcxproj" on node 1 (default targets).
PrepareForBuild:
  Creating directory "Debug\".
  Creating directory "Debug\CompilerIdCXX.tlog\".
InitializeBuildStatus:
  Creating "Debug\CompilerIdCXX.tlog\unsuccessfulbuild" because "AlwaysCreate" was specified.
VcpkgTripletSelection:
  Using triplet "x86-windows" from "c:\vcpkg\installed\x86-windows\"
ClCompile:
  CL.exe /c /I"c:\vcpkg\installed\x86-windows\include" /nologo /W0 /WX- /Od /Oy- /D _MBCS /Gm- /EHsc /RTC1 /MDd /GS /fp:precise /Zc:wchar_t /Zc:forScope /Zc:inline /Fo"Debug\\" /Fd"Debug\vc140.pdb" /Gd /TP /analyze- /errorReport:queue CMakeCXXCompilerId.cpp
TRACKER : error TRK0005: Failed to locate: "CL.exe". The system cannot find the file specified. [D:\Google Drive\Schoolwork Udacity\UD013\CarND-EKF-Project\products\cmake.msbuild.windows.x86.v140\CMakeFiles\3.10.0-rc4\CompilerIdCXX\CompilerIdCXX.vcxproj]
  
  
Done Building Project "D:\Google Drive\Schoolwork Udacity\UD013\CarND-EKF-Project\products\cmake.msbuild.windows.x86.v140\CMakeFiles\3.10.0-rc4\CompilerIdCXX\CompilerIdCXX.vcxproj" (default targets) -- FAILED.

Build FAILED.

"D:\Google Drive\Schoolwork Udacity\UD013\CarND-EKF-Project\products\cmake.msbuild.windows.x86.v140\CMakeFiles\3.10.0-rc4\CompilerIdCXX\CompilerIdCXX.vcxproj" (default target) (1) ->
(ClCompile target) -> 
  TRACKER : error TRK0005: Failed to locate: "CL.exe". The system cannot find the file specified. [D:\Google Drive\Schoolwork Udacity\UD013\CarND-EKF-Project\products\cmake.msbuild.windows.x86.v140\CMakeFiles\3.10.0-rc4\CompilerIdCXX\CompilerIdCXX.vcxproj]

    0 Warning(s)
    1 Error(s)

Time Elapsed 00:00:00.32


